OttawaSenatorsBot 2
drsayer 1
mandm4s 1
paddledown 2
Omega613 2
TheArmchairGM 2
OttawaSenatorsBot 1
OttawaSenatorsBot 1
OttawaSenatorsBot 2
OttawaSenatorsBot 2
drsayer 1
mandm4s 1
paddledown 2
Omega613 2
TheArmchairGM 2
OttawaSenatorsBot 1
OttawaSenatorsBot 1
OttawaSenatorsBot 2
OttawaSenatorsBot 1
drsayer 0
mandm4s 0
paddledown 1
Omega613 1
TheArmchairGM 1
OttawaSenatorsBot 0
OttawaSenatorsBot 0
OttawaSenatorsBot 1
OttawaSenatorsBot 1
drsayer 0
mandm4s 0
paddledown 1
Omega613 1
TheArmchairGM 1
OttawaSenatorsBot 0
OttawaSenatorsBot 0
OttawaSenatorsBot 1
OttawaSenatorsBot 1
drsayer 0
mandm4s 0
paddledown 1
Omega613 1
TheArmchairGM 1
OttawaSenatorsBot 0
OttawaSenatorsBot 0
OttawaSenatorsBot 1
OttawaSenatorsBot 1
drsayer 0
mandm4s 0
paddledown 1
Omega613 1
TheArmchairGM 1
OttawaSenatorsBot 0
OttawaSenatorsBot 0
OttawaSenatorsBot 1
OttawaSenatorsBot 5
drsayer 4
mandm4s 4
paddledown 5
Omega613 5
TheArmchairGM 5
OttawaSenatorsBot 4
OttawaSenatorsBot 4
OttawaSenatorsBot 5
OttawaSenatorsBot 5
drsayer 4
mandm4s 4
paddledown 5
Omega613 5
TheArmchairGM 5
OttawaSenatorsBot 4
OttawaSenatorsBot 4
OttawaSenatorsBot 5

